t len, int advise);
      |             ~~~~~~^~~~
user/mp2_5.c:24:24: warning: passing argument 1 of ‘madvise’ makes pointer from integer without a cast [-Wint-conversion]
   24 |   madvise((uint64) ptr + 5*PG_SIZE, PG_SIZE - 1,  MADV_DONTNEED); // sixth page are swapped out
      |                        ^
      |                        |
      |                        long unsigned int
In file included from user/mp2_5.c:3:
./user/user.h:36:19: note: expected ‘void *’ but argument is of type ‘long unsigned int’
   36 | int madvise(void *base, int len, int advise);
      |             ~~~~~~^~~~
user/mp2_5.c:33:3: warning: implicit declaration of function ‘pgprint’; did you mean ‘vmprint’? [-Wimplicit-function-declaration]
   33 |   pgprint();
      |   ^~~~~~~
      |   vmprint
nmeta 46 (boot, super, log blocks 30 inode blocks 13, bitmap blocks 1) blocks 954 total 1000
balloc: first 750 blocks have been allocated
balloc: write bitmap block at sector 45
*** Now run 'gdb' in another window.

xv6 kernel is booting

hart 2 starting
hart 1 starting
init: starting sh
$ mp2_1
page table 0x0000000087f49000
+-- 0: pte=0x0000000087f49000 va=0x0000000000000000 pa=0x0000000087f45000 V
|   +-- 0: pte=0x0000000087f45000 va=0x0000000000000000 pa=0x0000000087f44000 V
|       +-- 0: pte=0x0000000087f44000 va=0x0000000000000000 pa=0x0000000087f46000 V R W X U
|       +-- 1: pte=0x0000000087f44008 va=0x0000000000001000 pa=0x0000000087f43000 V R W X
|       +-- 2: pte=0x0000000087f44010 va=0x0000000000002000 pa=0x0000000087f42000 V R W X U D
+-- 255: pte=0x0000000087f497f8 va=0x0000003fc0000000 pa=0x0000000087f48000 V
    +-- 511: pte=0x0000000087f48ff8 va=0x0000003fffe00000 pa=0x0000000087f47000 V
        +-- 510: pte=0x0000000087f47ff0 va=0x0000003fffffe000 pa=0x0000000087f65000 V R W D
        +-- 511: pte=0x0000000087f47ff8 va=0x0000003ffffff000 pa=0x0000000080007000 V R X
$ qemu-system-riscv64: terminating on signal 15 from pid 417 (make)
